[0.007s] Invoking command in '/home/majd/Desktop/microros_ws/build/micro_ros_msgs': CMAKE_PREFIX_PATH=${CMAKE_PREFIX_PATH}:/opt/ros/humble /usr/bin/cmake /home/majd/Desktop/microros_ws/src/uros/micro_ros_msgs -DAMENT_CMAKE_SYMLINK_INSTALL=1 -DCMAKE_INSTALL_PREFIX=/home/majd/Desktop/microros_ws/install/micro_ros_msgs
[0.013s] -- Found ament_cmake: 1.3.9 (/opt/ros/humble/share/ament_cmake/cmake)
[0.083s] -- Override CMake install command with custom implementation using symlinks instead of copying resources
[0.087s] -- Found rosidl_default_generators: 1.2.0 (/opt/ros/humble/share/rosidl_default_generators/cmake)
[0.089s] -- Using all available rosidl_typesupport_c: rosidl_typesupport_fastrtps_c;rosidl_typesupport_introspection_c
[0.091s] -- Found rosidl_adapter: 3.1.5 (/opt/ros/humble/share/rosidl_adapter/cmake)
[0.117s] -- Using all available rosidl_typesupport_cpp: rosidl_typesupport_fastrtps_cpp;rosidl_typesupport_introspection_cpp
[0.138s] -- Found ament_lint_auto: 0.12.11 (/opt/ros/humble/share/ament_lint_auto/cmake)
[0.290s] -- Found ament_cmake_ros: 0.10.0 (/opt/ros/humble/share/ament_cmake_ros/cmake)
[0.394s] -- Using all available rosidl_typesupport_c: rosidl_typesupport_fastrtps_c;rosidl_typesupport_introspection_c
[0.522s] -- Using all available rosidl_typesupport_cpp: rosidl_typesupport_fastrtps_cpp;rosidl_typesupport_introspection_cpp
[0.534s] -- Found python_cmake_module: 0.10.0 (/opt/ros/humble/share/python_cmake_module/cmake)
[0.547s] -- Using PYTHON_EXECUTABLE: /usr/bin/python3
[0.547s] -- Using PYTHON_INCLUDE_DIRS: /usr/include/python3.10
[0.547s] -- Using PYTHON_LIBRARIES: /usr/lib/x86_64-linux-gnu/libpython3.10.so
[0.556s] -- Added test 'copyright' to check source files copyright and LICENSE
[0.561s] -- Added test 'lint_cmake' to check CMake code style
[0.562s] -- Added test 'xmllint' to check XML markup files
[0.566s] -- Configuring done
[0.586s] -- Generating done
[0.587s] -- Build files have been written to: /home/majd/Desktop/microros_ws/build/micro_ros_msgs
[0.590s] Invoked command in '/home/majd/Desktop/microros_ws/build/micro_ros_msgs' returned '0': CMAKE_PREFIX_PATH=${CMAKE_PREFIX_PATH}:/opt/ros/humble /usr/bin/cmake /home/majd/Desktop/microros_ws/src/uros/micro_ros_msgs -DAMENT_CMAKE_SYMLINK_INSTALL=1 -DCMAKE_INSTALL_PREFIX=/home/majd/Desktop/microros_ws/install/micro_ros_msgs
[0.591s] Invoking command in '/home/majd/Desktop/microros_ws/build/micro_ros_msgs': CMAKE_PREFIX_PATH=${CMAKE_PREFIX_PATH}:/opt/ros/humble /usr/bin/cmake --build /home/majd/Desktop/microros_ws/build/micro_ros_msgs -- -j16 -l16
[0.611s] [35m[1mConsolidate compiler generated dependencies of target micro_ros_msgs__rosidl_generator_c[0m
[0.615s] failed to create symbolic link '/home/majd/Desktop/microros_ws/build/micro_ros_msgs/ament_cmake_python/micro_ros_msgs/micro_ros_msgs' because existing path cannot be removed: Is a directory
[0.615s] [  2%] Built target micro_ros_msgs__cpp
[0.616s] gmake[2]: *** [CMakeFiles/ament_cmake_python_symlink_micro_ros_msgs.dir/build.make:70: CMakeFiles/ament_cmake_python_symlink_micro_ros_msgs] Error 1
[0.616s] gmake[1]: *** [CMakeFiles/Makefile2:421: CMakeFiles/ament_cmake_python_symlink_micro_ros_msgs.dir/all] Error 2
[0.616s] gmake[1]: *** Waiting for unfinished jobs....
[0.617s] [ 12%] Built target micro_ros_msgs__rosidl_generator_c
[0.617s] gmake: *** [Makefile:146: all] Error 2
[0.618s] Invoked command in '/home/majd/Desktop/microros_ws/build/micro_ros_msgs' returned '2': CMAKE_PREFIX_PATH=${CMAKE_PREFIX_PATH}:/opt/ros/humble /usr/bin/cmake --build /home/majd/Desktop/microros_ws/build/micro_ros_msgs -- -j16 -l16
