<?xml version="1.0" encoding="UTF-8"?>
<Site BuildName="(empty)"
	BuildStamp="20240802-1118-Experimental"
	Name="ubuntu-desktop"
	Generator="ctest-3.22.1"
	CompilerName="/usr/bin/g++"
	CompilerVersion="11.4.0"
	OSName="Linux"
	Hostname="ubuntu-desktop"
	OSRelease="6.5.0-45-generic"
	OSVersion="#45~22.04.1-Ubuntu SMP PREEMPT_DYNAMIC Mon Jul 15 16:40:02 UTC 2"
	OSPlatform="x86_64"
	Is64Bits="1"
	VendorString="GenuineIntel"
	VendorID="Intel Corporation"
	FamilyID="6"
	ModelID="167"
	ProcessorCacheSize="16384"
	NumberOfLogicalCPU="16"
	NumberOfPhysicalCPU="8"
	TotalVirtualMemory="2047"
	TotalPhysicalMemory="31983"
	LogicalProcessorsPerPhysical="2"
	ProcessorClockFrequency="4700"
	>
	<Testing>
		<StartDateTime>Aug 02 21:02 CEST</StartDateTime>
		<StartTestTime>1722625372</StartTestTime>
		<TestList/>
		<EndDateTime>Aug 02 21:02 CEST</EndDateTime>
		<EndTestTime>1722625372</EndTestTime>
		<ElapsedMinutes>0</ElapsedMinutes>
	</Testing>
</Site>
