<?xml version="1.0" encoding="UTF-8"?>
<Site BuildName="(empty)"
	BuildStamp="20240823-1344-Experimental"
	Name="ubuntu-desktop"
	Generator="ctest-3.22.1"
	CompilerName="/usr/bin/g++"
	CompilerVersion="11.4.0"
	OSName="Linux"
	Hostname="ubuntu-desktop"
	OSRelease="6.8.0-40-generic"
	OSVersion="#40~22.04.3-Ubuntu SMP PREEMPT_DYNAMIC Tue Jul 30 17:30:19 UTC 2"
	OSPlatform="x86_64"
	Is64Bits="1"
	VendorString="GenuineIntel"
	VendorID="Intel Corporation"
	FamilyID="6"
	ModelID="167"
	ProcessorCacheSize="16384"
	NumberOfLogicalCPU="16"
	NumberOfPhysicalCPU="8"
	TotalVirtualMemory="2047"
	TotalPhysicalMemory="31991"
	LogicalProcessorsPerPhysical="2"
	ProcessorClockFrequency="4700"
	>
	<Testing>
		<StartDateTime>Aug 23 15:44 CEST</StartDateTime>
		<StartTestTime>1724420640</StartTestTime>
		<TestList/>
		<EndDateTime>Aug 23 15:44 CEST</EndDateTime>
		<EndTestTime>1724420640</EndTestTime>
		<ElapsedMinutes>0</ElapsedMinutes>
	</Testing>
</Site>
